2020-03-30 01:05:36,700 - root - INFO - ** Kedro project workspace
2020-03-30 01:05:36,932 - kedro.io.data_catalog - INFO - Loading data from `shuttles` (ExcelDataSet)...
2020-03-30 01:05:50,189 - kedro.pipeline.node - INFO - Running node: preprocessing_shuttles: preprocess_shuttles([shuttles]) -> [preprocessed_shuttles]
2020-03-30 01:05:50,294 - kedro.io.data_catalog - INFO - Saving data to `preprocessed_shuttles` (CSVDataSet)...
2020-03-30 01:05:51,157 - kedro.runner.sequential_runner - INFO - Completed 1 out of 6 tasks
2020-03-30 01:05:51,158 - kedro.io.data_catalog - INFO - Loading data from `companies` (CSVDataSet)...
2020-03-30 01:05:51,195 - kedro.pipeline.node - INFO - Running node: preprocessing_companies: preprocess_companies([companies]) -> [preprocessed_companies]
2020-03-30 01:05:51,262 - kedro.io.data_catalog - INFO - Saving data to `preprocessed_companies` (CSVDataSet)...
2020-03-30 01:05:51,724 - kedro.runner.sequential_runner - INFO - Completed 2 out of 6 tasks
2020-03-30 01:05:51,724 - kedro.io.data_catalog - INFO - Loading data from `preprocessed_shuttles` (CSVDataSet)...
2020-03-30 01:05:51,831 - kedro.io.data_catalog - INFO - Loading data from `preprocessed_companies` (CSVDataSet)...
2020-03-30 01:05:51,867 - kedro.io.data_catalog - INFO - Loading data from `reviews` (CSVDataSet)...
2020-03-30 01:05:51,924 - kedro.pipeline.node - INFO - Running node: create_master_table([preprocessed_companies,preprocessed_shuttles,reviews]) -> [master_table]
2020-03-30 01:05:53,791 - kedro.io.data_catalog - INFO - Saving data to `master_table` (CSVDataSet)...
2020-03-30 01:06:11,251 - kedro.runner.sequential_runner - INFO - Completed 3 out of 6 tasks
2020-03-30 01:06:11,252 - kedro.io.data_catalog - INFO - Loading data from `master_table` (CSVDataSet)...
2020-03-30 01:06:12,906 - kedro.io.data_catalog - INFO - Loading data from `parameters` (MemoryDataSet)...
2020-03-30 01:06:12,906 - kedro.pipeline.node - INFO - Running node: split_data([master_table,parameters]) -> [X_test,X_train,y_test,y_train]
2020-03-30 01:06:13,371 - kedro.io.data_catalog - INFO - Saving data to `X_train` (MemoryDataSet)...
2020-03-30 01:06:13,417 - kedro.io.data_catalog - INFO - Saving data to `X_test` (MemoryDataSet)...
2020-03-30 01:06:13,428 - kedro.io.data_catalog - INFO - Saving data to `y_train` (MemoryDataSet)...
2020-03-30 01:06:13,430 - kedro.io.data_catalog - INFO - Saving data to `y_test` (MemoryDataSet)...
2020-03-30 01:06:13,489 - kedro.runner.sequential_runner - INFO - Completed 4 out of 6 tasks
2020-03-30 01:06:13,489 - kedro.io.data_catalog - INFO - Loading data from `X_train` (MemoryDataSet)...
2020-03-30 01:06:13,535 - kedro.io.data_catalog - INFO - Loading data from `y_train` (MemoryDataSet)...
2020-03-30 01:06:13,536 - kedro.pipeline.node - INFO - Running node: train_model([X_train,y_train]) -> [regressor]
2020-03-30 01:06:13,821 - kedro.io.data_catalog - INFO - Saving data to `regressor` (PickleDataSet)...
2020-03-30 01:06:13,823 - kedro.runner.sequential_runner - WARNING - There are 2 nodes that have not run.
You can resume the pipeline run by adding the following argument to your previous command:
  --from-nodes "train_model([X_train,y_train]) -> [regressor],evaluate_model([X_test,regressor,y_test]) -> None"
